<?xml version="1.0" encoding="UTF-8"?>
<!-- Generated by org.testng.reporters.JUnitXMLReporter -->
<testsuite ignored="0" hostname="LAPTOP-I5VP4OTB" failures="0" tests="39" name="Test" time="65.757" errors="0" timestamp="2022-12-30T11:14:15 IST">
  <testcase classname="com.parabank.DataProviders" name="AccountOverview" time="1.382"/>
  <testcase classname="com.parabank.DataProviders" name="AccountOverview" time="1.32"/>
  <testcase classname="com.parabank.DataProviders" name="AccountOverview" time="1.374"/>
  <testcase classname="com.parabank.DataProviders" name="AccountOverview" time="1.464"/>
  <testcase classname="com.parabank.DataProviders" name="AccountOverview" time="1.316"/>
  <testcase classname="com.parabank.DataProviders" name="AccountOverview" time="1.363"/>
  <testcase classname="com.parabank.DataProviders" name="AccountOverview" time="1.394"/>
  <testcase classname="com.parabank.DataProviders" name="AccountOverview" time="1.337"/>
  <testcase classname="com.parabank.DataProviders" name="AccountOverview" time="1.294"/>
  <testcase classname="com.parabank.DataProviders" name="AccountOverview" time="1.364"/>
  <testcase classname="com.parabank.DataProviders" name="AccountOverview" time="1.283"/>
  <testcase classname="com.parabank.DataProviders" name="AccountOverview" time="1.314"/>
  <testcase classname="com.parabank.DataProviders" name="AccountOverview" time="1.386"/>
  <testcase classname="com.parabank.DataProviders" name="AccountOverview" time="1.368"/>
  <testcase classname="com.parabank.DataProviders" name="AccountOverview" time="1.31"/>
  <testcase classname="com.parabank.DataProviders" name="AccountOverview" time="1.382"/>
  <testcase classname="com.parabank.DataProviders" name="AccountOverview" time="1.342"/>
  <testcase classname="com.parabank.DataProviders" name="AccountOverview" time="1.332"/>
  <testcase classname="com.parabank.DataProviders" name="AccountOverview" time="1.366"/>
  <testcase classname="com.parabank.DataProviders" name="AccountOverview" time="1.338"/>
  <testcase classname="com.parabank.DataProviders" name="AccountOverview" time="1.344"/>
  <testcase classname="com.parabank.DataProviders" name="AccountOverview" time="1.374"/>
  <testcase classname="com.parabank.DataProviders" name="AccountOverview" time="1.305"/>
  <testcase classname="com.parabank.DataProviders" name="AccountOverview" time="1.311"/>
  <testcase classname="com.parabank.DataProviders" name="AccountOverview" time="1.37"/>
  <testcase classname="com.parabank.DataProviders" name="AccountOverview" time="1.302"/>
  <testcase classname="com.parabank.DataProviders" name="AccountOverview" time="1.296"/>
  <testcase classname="com.parabank.DataProviders" name="AccountOverview" time="1.365"/>
  <testcase classname="com.parabank.DataProviders" name="AccountOverview" time="1.315"/>
  <testcase classname="com.parabank.DataProviders" name="AccountOverview" time="1.324"/>
  <testcase classname="com.parabank.DataProviders" name="AccountOverview" time="1.368"/>
  <testcase classname="com.parabank.DataProviders" name="AccountOverview" time="1.304"/>
  <testcase classname="com.parabank.DataProviders" name="AccountOverview" time="1.316"/>
  <testcase classname="com.parabank.DataProviders" name="AccountOverview" time="1.343"/>
  <testcase classname="com.parabank.DataProviders" name="AccountOverview" time="1.283"/>
  <testcase classname="com.parabank.DataProviders" name="AccountOverview" time="1.302"/>
  <testcase classname="com.parabank.DataProviders" name="AccountOverview" time="1.331"/>
  <testcase classname="com.parabank.DataProviders" name="AccountOverview" time="1.297"/>
  <testcase classname="com.parabank.DataProviders" name="AccountOverview" time="1.323"/>
</testsuite> <!-- Test -->
