<?xml version="1.0" encoding="UTF-8"?>
<testng-results ignored="0" total="39" passed="39" failed="0" skipped="0">
  <reporter-output>
  </reporter-output>
  <suite started-at="2022-12-30T11:13:10 IST" name="Suite" finished-at="2022-12-30T11:14:15 IST" duration-ms="65757">
    <groups>
    </groups>
    <test started-at="2022-12-30T11:13:10 IST" name="Test" finished-at="2022-12-30T11:14:15 IST" duration-ms="65757">
      <class name="com.parabank.DataProviders">
        <test-method is-config="true" signature="initTestData()[pri:0, instance:com.parabank.DataProviders@565f390]" started-at="2022-12-30T11:13:10 IST" name="initTestData" finished-at="2022-12-30T11:13:10 IST" duration-ms="18" status="PASS">
          <reporter-output>
          </reporter-output>
        </test-method> <!-- initTestData -->
        <test-method is-config="true" signature="initMethod()[pri:0, instance:com.parabank.DataProviders@565f390]" started-at="2022-12-30T11:13:10 IST" name="initMethod" finished-at="2022-12-30T11:13:17 IST" duration-ms="7683" status="PASS">
          <reporter-output>
          </reporter-output>
        </test-method> <!-- initMethod -->
        <test-method is-config="true" signature="login()[pri:0, instance:com.parabank.DataProviders@565f390]" started-at="2022-12-30T11:13:17 IST" name="login" finished-at="2022-12-30T11:13:23 IST" duration-ms="5279" status="PASS">
          <reporter-output>
          </reporter-output>
        </test-method> <!-- login -->
        <test-method signature="AccountOverview(java.lang.String,java.lang.String)[pri:1, instance:com.parabank.DataProviders@565f390]" started-at="2022-12-30T11:13:23 IST" name="AccountOverview" data-provider="testDataForList" finished-at="2022-12-30T11:13:24 IST" duration-ms="1382" status="PASS">
          <params>
            <param index="0">
              <value>
                <![CDATA[All]]>
              </value>
            </param>
            <param index="1">
              <value>
                <![CDATA[All]]>
              </value>
            </param>
          </params>
          <reporter-output>
          </reporter-output>
        </test-method> <!-- AccountOverview -->
        <test-method signature="AccountOverview(java.lang.String,java.lang.String)[pri:1, instance:com.parabank.DataProviders@565f390]" started-at="2022-12-30T11:13:24 IST" name="AccountOverview" data-provider="testDataForList" finished-at="2022-12-30T11:13:25 IST" duration-ms="1320" status="PASS">
          <params>
            <param index="0">
              <value>
                <![CDATA[All]]>
              </value>
            </param>
            <param index="1">
              <value>
                <![CDATA[Credit]]>
              </value>
            </param>
          </params>
          <reporter-output>
          </reporter-output>
        </test-method> <!-- AccountOverview -->
        <test-method signature="AccountOverview(java.lang.String,java.lang.String)[pri:1, instance:com.parabank.DataProviders@565f390]" started-at="2022-12-30T11:13:25 IST" name="AccountOverview" data-provider="testDataForList" finished-at="2022-12-30T11:13:27 IST" duration-ms="1374" status="PASS">
          <params>
            <param index="0">
              <value>
                <![CDATA[All]]>
              </value>
            </param>
            <param index="1">
              <value>
                <![CDATA[Debit]]>
              </value>
            </param>
          </params>
          <reporter-output>
          </reporter-output>
        </test-method> <!-- AccountOverview -->
        <test-method signature="AccountOverview(java.lang.String,java.lang.String)[pri:1, instance:com.parabank.DataProviders@565f390]" started-at="2022-12-30T11:13:27 IST" name="AccountOverview" data-provider="testDataForList" finished-at="2022-12-30T11:13:28 IST" duration-ms="1464" status="PASS">
          <params>
            <param index="0">
              <value>
                <![CDATA[January]]>
              </value>
            </param>
            <param index="1">
              <value>
                <![CDATA[All]]>
              </value>
            </param>
          </params>
          <reporter-output>
          </reporter-output>
        </test-method> <!-- AccountOverview -->
        <test-method signature="AccountOverview(java.lang.String,java.lang.String)[pri:1, instance:com.parabank.DataProviders@565f390]" started-at="2022-12-30T11:13:28 IST" name="AccountOverview" data-provider="testDataForList" finished-at="2022-12-30T11:13:29 IST" duration-ms="1316" status="PASS">
          <params>
            <param index="0">
              <value>
                <![CDATA[January]]>
              </value>
            </param>
            <param index="1">
              <value>
                <![CDATA[Credit]]>
              </value>
            </param>
          </params>
          <reporter-output>
          </reporter-output>
        </test-method> <!-- AccountOverview -->
        <test-method signature="AccountOverview(java.lang.String,java.lang.String)[pri:1, instance:com.parabank.DataProviders@565f390]" started-at="2022-12-30T11:13:29 IST" name="AccountOverview" data-provider="testDataForList" finished-at="2022-12-30T11:13:31 IST" duration-ms="1363" status="PASS">
          <params>
            <param index="0">
              <value>
                <![CDATA[January]]>
              </value>
            </param>
            <param index="1">
              <value>
                <![CDATA[Debit]]>
              </value>
            </param>
          </params>
          <reporter-output>
          </reporter-output>
        </test-method> <!-- AccountOverview -->
        <test-method signature="AccountOverview(java.lang.String,java.lang.String)[pri:1, instance:com.parabank.DataProviders@565f390]" started-at="2022-12-30T11:13:31 IST" name="AccountOverview" data-provider="testDataForList" finished-at="2022-12-30T11:13:32 IST" duration-ms="1394" status="PASS">
          <params>
            <param index="0">
              <value>
                <![CDATA[February]]>
              </value>
            </param>
            <param index="1">
              <value>
                <![CDATA[All]]>
              </value>
            </param>
          </params>
          <reporter-output>
          </reporter-output>
        </test-method> <!-- AccountOverview -->
        <test-method signature="AccountOverview(java.lang.String,java.lang.String)[pri:1, instance:com.parabank.DataProviders@565f390]" started-at="2022-12-30T11:13:32 IST" name="AccountOverview" data-provider="testDataForList" finished-at="2022-12-30T11:13:34 IST" duration-ms="1337" status="PASS">
          <params>
            <param index="0">
              <value>
                <![CDATA[February]]>
              </value>
            </param>
            <param index="1">
              <value>
                <![CDATA[Credit]]>
              </value>
            </param>
          </params>
          <reporter-output>
          </reporter-output>
        </test-method> <!-- AccountOverview -->
        <test-method signature="AccountOverview(java.lang.String,java.lang.String)[pri:1, instance:com.parabank.DataProviders@565f390]" started-at="2022-12-30T11:13:34 IST" name="AccountOverview" data-provider="testDataForList" finished-at="2022-12-30T11:13:35 IST" duration-ms="1294" status="PASS">
          <params>
            <param index="0">
              <value>
                <![CDATA[February]]>
              </value>
            </param>
            <param index="1">
              <value>
                <![CDATA[Debit]]>
              </value>
            </param>
          </params>
          <reporter-output>
          </reporter-output>
        </test-method> <!-- AccountOverview -->
        <test-method signature="AccountOverview(java.lang.String,java.lang.String)[pri:1, instance:com.parabank.DataProviders@565f390]" started-at="2022-12-30T11:13:35 IST" name="AccountOverview" data-provider="testDataForList" finished-at="2022-12-30T11:13:36 IST" duration-ms="1364" status="PASS">
          <params>
            <param index="0">
              <value>
                <![CDATA[March]]>
              </value>
            </param>
            <param index="1">
              <value>
                <![CDATA[All]]>
              </value>
            </param>
          </params>
          <reporter-output>
          </reporter-output>
        </test-method> <!-- AccountOverview -->
        <test-method signature="AccountOverview(java.lang.String,java.lang.String)[pri:1, instance:com.parabank.DataProviders@565f390]" started-at="2022-12-30T11:13:36 IST" name="AccountOverview" data-provider="testDataForList" finished-at="2022-12-30T11:13:38 IST" duration-ms="1283" status="PASS">
          <params>
            <param index="0">
              <value>
                <![CDATA[March]]>
              </value>
            </param>
            <param index="1">
              <value>
                <![CDATA[Credit]]>
              </value>
            </param>
          </params>
          <reporter-output>
          </reporter-output>
        </test-method> <!-- AccountOverview -->
        <test-method signature="AccountOverview(java.lang.String,java.lang.String)[pri:1, instance:com.parabank.DataProviders@565f390]" started-at="2022-12-30T11:13:38 IST" name="AccountOverview" data-provider="testDataForList" finished-at="2022-12-30T11:13:39 IST" duration-ms="1314" status="PASS">
          <params>
            <param index="0">
              <value>
                <![CDATA[March]]>
              </value>
            </param>
            <param index="1">
              <value>
                <![CDATA[Debit]]>
              </value>
            </param>
          </params>
          <reporter-output>
          </reporter-output>
        </test-method> <!-- AccountOverview -->
        <test-method signature="AccountOverview(java.lang.String,java.lang.String)[pri:1, instance:com.parabank.DataProviders@565f390]" started-at="2022-12-30T11:13:39 IST" name="AccountOverview" data-provider="testDataForList" finished-at="2022-12-30T11:13:40 IST" duration-ms="1386" status="PASS">
          <params>
            <param index="0">
              <value>
                <![CDATA[April]]>
              </value>
            </param>
            <param index="1">
              <value>
                <![CDATA[All]]>
              </value>
            </param>
          </params>
          <reporter-output>
          </reporter-output>
        </test-method> <!-- AccountOverview -->
        <test-method signature="AccountOverview(java.lang.String,java.lang.String)[pri:1, instance:com.parabank.DataProviders@565f390]" started-at="2022-12-30T11:13:40 IST" name="AccountOverview" data-provider="testDataForList" finished-at="2022-12-30T11:13:42 IST" duration-ms="1368" status="PASS">
          <params>
            <param index="0">
              <value>
                <![CDATA[April]]>
              </value>
            </param>
            <param index="1">
              <value>
                <![CDATA[Credit]]>
              </value>
            </param>
          </params>
          <reporter-output>
          </reporter-output>
        </test-method> <!-- AccountOverview -->
        <test-method signature="AccountOverview(java.lang.String,java.lang.String)[pri:1, instance:com.parabank.DataProviders@565f390]" started-at="2022-12-30T11:13:42 IST" name="AccountOverview" data-provider="testDataForList" finished-at="2022-12-30T11:13:43 IST" duration-ms="1310" status="PASS">
          <params>
            <param index="0">
              <value>
                <![CDATA[April]]>
              </value>
            </param>
            <param index="1">
              <value>
                <![CDATA[Debit]]>
              </value>
            </param>
          </params>
          <reporter-output>
          </reporter-output>
        </test-method> <!-- AccountOverview -->
        <test-method signature="AccountOverview(java.lang.String,java.lang.String)[pri:1, instance:com.parabank.DataProviders@565f390]" started-at="2022-12-30T11:13:43 IST" name="AccountOverview" data-provider="testDataForList" finished-at="2022-12-30T11:13:44 IST" duration-ms="1382" status="PASS">
          <params>
            <param index="0">
              <value>
                <![CDATA[May]]>
              </value>
            </param>
            <param index="1">
              <value>
                <![CDATA[All]]>
              </value>
            </param>
          </params>
          <reporter-output>
          </reporter-output>
        </test-method> <!-- AccountOverview -->
        <test-method signature="AccountOverview(java.lang.String,java.lang.String)[pri:1, instance:com.parabank.DataProviders@565f390]" started-at="2022-12-30T11:13:44 IST" name="AccountOverview" data-provider="testDataForList" finished-at="2022-12-30T11:13:46 IST" duration-ms="1342" status="PASS">
          <params>
            <param index="0">
              <value>
                <![CDATA[May]]>
              </value>
            </param>
            <param index="1">
              <value>
                <![CDATA[Credit]]>
              </value>
            </param>
          </params>
          <reporter-output>
          </reporter-output>
        </test-method> <!-- AccountOverview -->
        <test-method signature="AccountOverview(java.lang.String,java.lang.String)[pri:1, instance:com.parabank.DataProviders@565f390]" started-at="2022-12-30T11:13:46 IST" name="AccountOverview" data-provider="testDataForList" finished-at="2022-12-30T11:13:47 IST" duration-ms="1332" status="PASS">
          <params>
            <param index="0">
              <value>
                <![CDATA[May]]>
              </value>
            </param>
            <param index="1">
              <value>
                <![CDATA[Debit]]>
              </value>
            </param>
          </params>
          <reporter-output>
          </reporter-output>
        </test-method> <!-- AccountOverview -->
        <test-method signature="AccountOverview(java.lang.String,java.lang.String)[pri:1, instance:com.parabank.DataProviders@565f390]" started-at="2022-12-30T11:13:47 IST" name="AccountOverview" data-provider="testDataForList" finished-at="2022-12-30T11:13:48 IST" duration-ms="1366" status="PASS">
          <params>
            <param index="0">
              <value>
                <![CDATA[June]]>
              </value>
            </param>
            <param index="1">
              <value>
                <![CDATA[All]]>
              </value>
            </param>
          </params>
          <reporter-output>
          </reporter-output>
        </test-method> <!-- AccountOverview -->
        <test-method signature="AccountOverview(java.lang.String,java.lang.String)[pri:1, instance:com.parabank.DataProviders@565f390]" started-at="2022-12-30T11:13:48 IST" name="AccountOverview" data-provider="testDataForList" finished-at="2022-12-30T11:13:50 IST" duration-ms="1338" status="PASS">
          <params>
            <param index="0">
              <value>
                <![CDATA[June]]>
              </value>
            </param>
            <param index="1">
              <value>
                <![CDATA[Credit]]>
              </value>
            </param>
          </params>
          <reporter-output>
          </reporter-output>
        </test-method> <!-- AccountOverview -->
        <test-method signature="AccountOverview(java.lang.String,java.lang.String)[pri:1, instance:com.parabank.DataProviders@565f390]" started-at="2022-12-30T11:13:50 IST" name="AccountOverview" data-provider="testDataForList" finished-at="2022-12-30T11:13:51 IST" duration-ms="1344" status="PASS">
          <params>
            <param index="0">
              <value>
                <![CDATA[June]]>
              </value>
            </param>
            <param index="1">
              <value>
                <![CDATA[Debit]]>
              </value>
            </param>
          </params>
          <reporter-output>
          </reporter-output>
        </test-method> <!-- AccountOverview -->
        <test-method signature="AccountOverview(java.lang.String,java.lang.String)[pri:1, instance:com.parabank.DataProviders@565f390]" started-at="2022-12-30T11:13:51 IST" name="AccountOverview" data-provider="testDataForList" finished-at="2022-12-30T11:13:52 IST" duration-ms="1374" status="PASS">
          <params>
            <param index="0">
              <value>
                <![CDATA[July]]>
              </value>
            </param>
            <param index="1">
              <value>
                <![CDATA[All]]>
              </value>
            </param>
          </params>
          <reporter-output>
          </reporter-output>
        </test-method> <!-- AccountOverview -->
        <test-method signature="AccountOverview(java.lang.String,java.lang.String)[pri:1, instance:com.parabank.DataProviders@565f390]" started-at="2022-12-30T11:13:52 IST" name="AccountOverview" data-provider="testDataForList" finished-at="2022-12-30T11:13:54 IST" duration-ms="1305" status="PASS">
          <params>
            <param index="0">
              <value>
                <![CDATA[July]]>
              </value>
            </param>
            <param index="1">
              <value>
                <![CDATA[Credit]]>
              </value>
            </param>
          </params>
          <reporter-output>
          </reporter-output>
        </test-method> <!-- AccountOverview -->
        <test-method signature="AccountOverview(java.lang.String,java.lang.String)[pri:1, instance:com.parabank.DataProviders@565f390]" started-at="2022-12-30T11:13:54 IST" name="AccountOverview" data-provider="testDataForList" finished-at="2022-12-30T11:13:55 IST" duration-ms="1311" status="PASS">
          <params>
            <param index="0">
              <value>
                <![CDATA[July]]>
              </value>
            </param>
            <param index="1">
              <value>
                <![CDATA[Debit]]>
              </value>
            </param>
          </params>
          <reporter-output>
          </reporter-output>
        </test-method> <!-- AccountOverview -->
        <test-method signature="AccountOverview(java.lang.String,java.lang.String)[pri:1, instance:com.parabank.DataProviders@565f390]" started-at="2022-12-30T11:13:55 IST" name="AccountOverview" data-provider="testDataForList" finished-at="2022-12-30T11:13:56 IST" duration-ms="1370" status="PASS">
          <params>
            <param index="0">
              <value>
                <![CDATA[August]]>
              </value>
            </param>
            <param index="1">
              <value>
                <![CDATA[All]]>
              </value>
            </param>
          </params>
          <reporter-output>
          </reporter-output>
        </test-method> <!-- AccountOverview -->
        <test-method signature="AccountOverview(java.lang.String,java.lang.String)[pri:1, instance:com.parabank.DataProviders@565f390]" started-at="2022-12-30T11:13:56 IST" name="AccountOverview" data-provider="testDataForList" finished-at="2022-12-30T11:13:58 IST" duration-ms="1302" status="PASS">
          <params>
            <param index="0">
              <value>
                <![CDATA[August]]>
              </value>
            </param>
            <param index="1">
              <value>
                <![CDATA[Credit]]>
              </value>
            </param>
          </params>
          <reporter-output>
          </reporter-output>
        </test-method> <!-- AccountOverview -->
        <test-method signature="AccountOverview(java.lang.String,java.lang.String)[pri:1, instance:com.parabank.DataProviders@565f390]" started-at="2022-12-30T11:13:58 IST" name="AccountOverview" data-provider="testDataForList" finished-at="2022-12-30T11:13:59 IST" duration-ms="1296" status="PASS">
          <params>
            <param index="0">
              <value>
                <![CDATA[August]]>
              </value>
            </param>
            <param index="1">
              <value>
                <![CDATA[Debit]]>
              </value>
            </param>
          </params>
          <reporter-output>
          </reporter-output>
        </test-method> <!-- AccountOverview -->
        <test-method signature="AccountOverview(java.lang.String,java.lang.String)[pri:1, instance:com.parabank.DataProviders@565f390]" started-at="2022-12-30T11:13:59 IST" name="AccountOverview" data-provider="testDataForList" finished-at="2022-12-30T11:14:00 IST" duration-ms="1365" status="PASS">
          <params>
            <param index="0">
              <value>
                <![CDATA[September]]>
              </value>
            </param>
            <param index="1">
              <value>
                <![CDATA[All]]>
              </value>
            </param>
          </params>
          <reporter-output>
          </reporter-output>
        </test-method> <!-- AccountOverview -->
        <test-method signature="AccountOverview(java.lang.String,java.lang.String)[pri:1, instance:com.parabank.DataProviders@565f390]" started-at="2022-12-30T11:14:00 IST" name="AccountOverview" data-provider="testDataForList" finished-at="2022-12-30T11:14:02 IST" duration-ms="1315" status="PASS">
          <params>
            <param index="0">
              <value>
                <![CDATA[September]]>
              </value>
            </param>
            <param index="1">
              <value>
                <![CDATA[Credit]]>
              </value>
            </param>
          </params>
          <reporter-output>
          </reporter-output>
        </test-method> <!-- AccountOverview -->
        <test-method signature="AccountOverview(java.lang.String,java.lang.String)[pri:1, instance:com.parabank.DataProviders@565f390]" started-at="2022-12-30T11:14:02 IST" name="AccountOverview" data-provider="testDataForList" finished-at="2022-12-30T11:14:03 IST" duration-ms="1324" status="PASS">
          <params>
            <param index="0">
              <value>
                <![CDATA[September]]>
              </value>
            </param>
            <param index="1">
              <value>
                <![CDATA[Debit]]>
              </value>
            </param>
          </params>
          <reporter-output>
          </reporter-output>
        </test-method> <!-- AccountOverview -->
        <test-method signature="AccountOverview(java.lang.String,java.lang.String)[pri:1, instance:com.parabank.DataProviders@565f390]" started-at="2022-12-30T11:14:03 IST" name="AccountOverview" data-provider="testDataForList" finished-at="2022-12-30T11:14:04 IST" duration-ms="1368" status="PASS">
          <params>
            <param index="0">
              <value>
                <![CDATA[October]]>
              </value>
            </param>
            <param index="1">
              <value>
                <![CDATA[All]]>
              </value>
            </param>
          </params>
          <reporter-output>
          </reporter-output>
        </test-method> <!-- AccountOverview -->
        <test-method signature="AccountOverview(java.lang.String,java.lang.String)[pri:1, instance:com.parabank.DataProviders@565f390]" started-at="2022-12-30T11:14:04 IST" name="AccountOverview" data-provider="testDataForList" finished-at="2022-12-30T11:14:06 IST" duration-ms="1304" status="PASS">
          <params>
            <param index="0">
              <value>
                <![CDATA[October]]>
              </value>
            </param>
            <param index="1">
              <value>
                <![CDATA[Credit]]>
              </value>
            </param>
          </params>
          <reporter-output>
          </reporter-output>
        </test-method> <!-- AccountOverview -->
        <test-method signature="AccountOverview(java.lang.String,java.lang.String)[pri:1, instance:com.parabank.DataProviders@565f390]" started-at="2022-12-30T11:14:06 IST" name="AccountOverview" data-provider="testDataForList" finished-at="2022-12-30T11:14:07 IST" duration-ms="1316" status="PASS">
          <params>
            <param index="0">
              <value>
                <![CDATA[October]]>
              </value>
            </param>
            <param index="1">
              <value>
                <![CDATA[Debit]]>
              </value>
            </param>
          </params>
          <reporter-output>
          </reporter-output>
        </test-method> <!-- AccountOverview -->
        <test-method signature="AccountOverview(java.lang.String,java.lang.String)[pri:1, instance:com.parabank.DataProviders@565f390]" started-at="2022-12-30T11:14:07 IST" name="AccountOverview" data-provider="testDataForList" finished-at="2022-12-30T11:14:08 IST" duration-ms="1343" status="PASS">
          <params>
            <param index="0">
              <value>
                <![CDATA[November]]>
              </value>
            </param>
            <param index="1">
              <value>
                <![CDATA[All]]>
              </value>
            </param>
          </params>
          <reporter-output>
          </reporter-output>
        </test-method> <!-- AccountOverview -->
        <test-method signature="AccountOverview(java.lang.String,java.lang.String)[pri:1, instance:com.parabank.DataProviders@565f390]" started-at="2022-12-30T11:14:08 IST" name="AccountOverview" data-provider="testDataForList" finished-at="2022-12-30T11:14:10 IST" duration-ms="1283" status="PASS">
          <params>
            <param index="0">
              <value>
                <![CDATA[November]]>
              </value>
            </param>
            <param index="1">
              <value>
                <![CDATA[Credit]]>
              </value>
            </param>
          </params>
          <reporter-output>
          </reporter-output>
        </test-method> <!-- AccountOverview -->
        <test-method signature="AccountOverview(java.lang.String,java.lang.String)[pri:1, instance:com.parabank.DataProviders@565f390]" started-at="2022-12-30T11:14:10 IST" name="AccountOverview" data-provider="testDataForList" finished-at="2022-12-30T11:14:11 IST" duration-ms="1302" status="PASS">
          <params>
            <param index="0">
              <value>
                <![CDATA[November]]>
              </value>
            </param>
            <param index="1">
              <value>
                <![CDATA[Debit]]>
              </value>
            </param>
          </params>
          <reporter-output>
          </reporter-output>
        </test-method> <!-- AccountOverview -->
        <test-method signature="AccountOverview(java.lang.String,java.lang.String)[pri:1, instance:com.parabank.DataProviders@565f390]" started-at="2022-12-30T11:14:11 IST" name="AccountOverview" data-provider="testDataForList" finished-at="2022-12-30T11:14:12 IST" duration-ms="1331" status="PASS">
          <params>
            <param index="0">
              <value>
                <![CDATA[December]]>
              </value>
            </param>
            <param index="1">
              <value>
                <![CDATA[All]]>
              </value>
            </param>
          </params>
          <reporter-output>
          </reporter-output>
        </test-method> <!-- AccountOverview -->
        <test-method signature="AccountOverview(java.lang.String,java.lang.String)[pri:1, instance:com.parabank.DataProviders@565f390]" started-at="2022-12-30T11:14:12 IST" name="AccountOverview" data-provider="testDataForList" finished-at="2022-12-30T11:14:14 IST" duration-ms="1297" status="PASS">
          <params>
            <param index="0">
              <value>
                <![CDATA[December]]>
              </value>
            </param>
            <param index="1">
              <value>
                <![CDATA[Credit]]>
              </value>
            </param>
          </params>
          <reporter-output>
          </reporter-output>
        </test-method> <!-- AccountOverview -->
        <test-method signature="AccountOverview(java.lang.String,java.lang.String)[pri:1, instance:com.parabank.DataProviders@565f390]" started-at="2022-12-30T11:14:14 IST" name="AccountOverview" data-provider="testDataForList" finished-at="2022-12-30T11:14:15 IST" duration-ms="1323" status="PASS">
          <params>
            <param index="0">
              <value>
                <![CDATA[December]]>
              </value>
            </param>
            <param index="1">
              <value>
                <![CDATA[Debit]]>
              </value>
            </param>
          </params>
          <reporter-output>
          </reporter-output>
        </test-method> <!-- AccountOverview -->
        <test-method is-config="true" signature="quitDriver()[pri:0, instance:com.parabank.DataProviders@565f390]" started-at="2022-12-30T11:14:15 IST" name="quitDriver" finished-at="2022-12-30T11:14:15 IST" duration-ms="433" status="PASS">
          <reporter-output>
          </reporter-output>
        </test-method> <!-- quitDriver -->
      </class> <!-- com.parabank.DataProviders -->
    </test> <!-- Test -->
  </suite> <!-- Suite -->
</testng-results>
